<?xml version="1.0" encoding="UTF-8"?>
<testsuite xmlns:xsi="http://www.w3.org/2001/XMLSchema-instance" xsi:noNamespaceSchemaLocation="https://maven.apache.org/surefire/maven-surefire-plugin/xsd/surefire-test-report-3.0.xsd" version="3.0" name="testRunner.TestRunner" time="14.589" tests="2" errors="0" skipped="0" failures="0">
  <properties>
[...]
</properties>
  <testcase name="Verify personal name and alternate names from OL1A endpoint" classname="Validate Author Details from Open Library API" time="3.666">
    <system-out><![CDATA[
Scenario: Verify personal name and alternate names from OL1A endpoint       # src/test/resources/features/APIfeature.feature:3
  Given I perform a GET call to "https://openlibrary.org/authors/OL1A.json" # glue.APItestSteps.i_perform_a_get_call(java.lang.String)
  Then the response status code should be 200                               # glue.APItestSteps.validate_status_code(int)
  And the response body should contain                                      # glue.APItestSteps.validate_body_values(io.cucumber.datatable.DataTable)
    | field           | value                      |
    | personal_name   | Sachi Rautroy              |
    | alternate_names | Yugashrashta Sachi Routray |
]]></system-out>
    <system-err><![CDATA[SLF4J(W): No SLF4J providers were found.
SLF4J(W): Defaulting to no-operation (NOP) logger implementation
SLF4J(W): See https://www.slf4j.org/codes.html#noProviders for further details.
]]></system-err>
  </testcase>
  <testcase name="User verifies stamp duty calculation for a vehicle" classname="Check motor vehicle stamp duty calculation" time="10.134">
    <system-out><![CDATA[
Scenario: User verifies stamp duty calculation for a vehicle    # src/test/resources/features/StampSutyCalculator.feature:3
  Given the user is on the Service NSW stamp duty page          # glue.StampDutyCalculatorSteps.openServiceNSWPage()
  When the user clicks the Check online button                  # glue.StampDutyCalculatorSteps.clickCheckOnline()
  Then the Revenue NSW calculator page should be displayed      # glue.StampDutyCalculatorSteps.verifyCalculatorPage()
  When the user selects Yes for passenger vehicle               # glue.StampDutyCalculatorSteps.selectYes()
  And the user enters a purchase price of "45000"               # glue.StampDutyCalculatorSteps.enterPrice(java.lang.String)
  And the user clicks the Calculate button                      # glue.StampDutyCalculatorSteps.clickCalculate()
  Then the calculation popup should display correct information # glue.StampDutyCalculatorSteps.verifyPopup()
]]></system-out>
    <system-err><![CDATA[Dec 14, 2025 3:56:55 PM org.openqa.selenium.devtools.CdpVersionFinder findNearestMatch
WARNING: Unable to find CDP implementation matching 143
Dec 14, 2025 3:56:55 PM org.openqa.selenium.chromium.ChromiumDriver lambda$new$5
WARNING: Unable to find version of CDP to use for 143.0.7499.41. You may need to include a dependency on a specific version of the CDP using something similar to `org.seleniumhq.selenium:selenium-devtools-v86:4.21.0` where the version ("v86") matches the version of the chromium-based browser you're using and the version number of the artifact is the same as Selenium's.
]]></system-err>
  </testcase>
</testsuite>